Arguments: 
  /usr/local/Cellar/node/8.1.0_1/bin/node /usr/local/bin/yarn add request

PATH: 
  /Users/caiyawen/bin:/usr/local/bin:/usr/local/sbin:/usr/local/bin:/usr/bin:/bin:/usr/sbin:/sbin

Yarn version: 
  0.24.5

Node version: 
  8.1.0

Platform: 
  darwin x64

npm manifest: 
  {
    "name": "weixin",
    "version": "1.0.0",
    "description": "",
    "main": "index.js",
    "scripts": {
      "test": "echo \"Error: no test specified\" && exit 1"
    },
    "author": "",
    "license": "ISC",
    "dependencies": {
      "express": "^4.16.2"
    }
  }

yarn manifest: 
  No manifest

Lockfile: 
  No lockfile

Trace: 
  Error: EEXIST: file already exists, mkdir '/Users/caiyawen/Studyspace/weixin/node_modules/request'
